[1231/012728:FATAL:resource_scheduler.cc(891)] Check failed: client_map_.empty(). 
Backtrace:
	GetHandleVerifier [0x00000001824B2956+389526]
	QtWebEngineCore::FilePickerController::mode [0x00000001823BE1ED+1152653]
	CertificateErrorController::CertificateErrorController [0x0000000180AE6F7E+5226606]
	CertificateErrorController::CertificateErrorController [0x00000001808FB00C+3211516]
	CertificateErrorController::CertificateErrorController [0x00000001808FAA8E+3210110]
	CertificateErrorController::CertificateErrorController [0x000000018091727F+3326831]
	CertificateErrorController::CertificateErrorController [0x00000001809171E5+3326677]
	CertificateErrorController::CertificateErrorController [0x0000000180905EF6+3256294]
	QtWebEngineCore::BrowserContextAdapter::browserContext [0x00000001830A5C01+952785]
	QtWebEngineCore::BrowserContextAdapter::browserContext [0x00000001832F565A+3376170]
	CertificateErrorController::CertificateErrorController [0x00000001809262D7+3388359]
	CertificateErrorController::CertificateErrorController [0x0000000180B1825D+5428045]
	GetHandleVerifier [0x00000001824D8B72+545714]
	QtWebEngineCore::FilePickerController::mode [0x00000001823D2B2E+1236942]
	QtWebEngineCore::FilePickerController::mode [0x00000001823D0BE1+1228929]
	QtWebEngineCore::FilePickerController::mode [0x00000001823D1284+1230628]
	GetHandleVerifier [0x00000001824DC4FC+560444]
	GetHandleVerifier [0x00000001824DE400+568384]
	GetHandleVerifier [0x00000001824DE355+568213]
	QtWebEngineCore::FilePickerController::mode [0x00000001823D28C3+1236323]
	QtWebEngineCore::FilePickerController::mode [0x000000018241536B+1509387]
	QtWebEngineCore::FilePickerController::mode [0x00000001823D2743+1235939]
	QtWebEngineCore::FilePickerController::mode [0x0000000182437EAD+1651533]
	CertificateErrorController::CertificateErrorController [0x0000000180843BE6+2460886]
	CertificateErrorController::CertificateErrorController [0x0000000180844CDC+2465228]
	QtWebEngineCore::FilePickerController::mode [0x0000000182438CF8+1655192]
	QtWebEngineCore::FilePickerController::mode [0x00000001824429E5+1695365]
	BaseThreadInitThunk [0x00007FFD075D3034+20]
	RtlUserThreadStart [0x00007FFD09D43691+33]

[1231/012838:ERROR:vertex_attrib_manager.cc(245)] [.WebGLRenderingContext-000002726EBCA770]GL ERROR :GL_INVALID_OPERATION : glDrawElements: attempt to render with no buffer attached to enabled attribute 2
[1231/012838:ERROR:vertex_attrib_manager.cc(245)] [.WebGLRenderingContext-000002726EBCA770]GL ERROR :GL_INVALID_OPERATION : glDrawElements: attempt to render with no buffer attached to enabled attribute 2
[1231/012838:ERROR:vertex_attrib_manager.cc(245)] [.WebGLRenderingContext-000002726EBCA770]GL ERROR :GL_INVALID_OPERATION : glDrawElements: attempt to render with no buffer attached to enabled attribute 2
[1231/012838:ERROR:vertex_attrib_manager.cc(245)] [.WebGLRenderingContext-000002726EBCA770]GL ERROR :GL_INVALID_OPERATION : glDrawElements: attempt to render with no buffer attached to enabled attribute 2
[1231/012838:ERROR:vertex_attrib_manager.cc(245)] [.WebGLRenderingContext-000002726EBCA770]GL ERROR :GL_INVALID_OPERATION : glDrawElements: attempt to render with no buffer attached to enabled attribute 2
[1231/012838:ERROR:vertex_attrib_manager.cc(245)] [.WebGLRenderingContext-000002726EBCA770]GL ERROR :GL_INVALID_OPERATION : glDrawElements: attempt to render with no buffer attached to enabled attribute 2
[1231/012838:ERROR:vertex_attrib_manager.cc(245)] [.WebGLRenderingContext-000002726EBCA770]GL ERROR :GL_INVALID_OPERATION : glDrawElements: attempt to render with no buffer attached to enabled attribute 2
[1231/012838:ERROR:vertex_attrib_manager.cc(245)] [.WebGLRenderingContext-000002726EBCA770]GL ERROR :GL_INVALID_OPERATION : glDrawElements: attempt to render with no buffer attached to enabled attribute 2
[1231/012838:ERROR:vertex_attrib_manager.cc(245)] [.WebGLRenderingContext-000002726EBCA770]GL ERROR :GL_INVALID_OPERATION : glDrawElements: attempt to render with no buffer attached to enabled attribute 2
[1231/012838:ERROR:vertex_attrib_manager.cc(245)] [.WebGLRenderingContext-000002726EBCA770]GL ERROR :GL_INVALID_OPERATION : glDrawElements: attempt to render with no buffer attached to enabled attribute 2
[1231/012838:ERROR:vertex_attrib_manager.cc(245)] [.WebGLRenderingContext-000002726EBCA770]GL ERROR :GL_INVALID_OPERATION : glDrawElements: attempt to render with no buffer attached to enabled attribute 2
[1231/012838:ERROR:vertex_attrib_manager.cc(245)] [.WebGLRenderingContext-000002726EBCA770]GL ERROR :GL_INVALID_OPERATION : glDrawElements: attempt to render with no buffer attached to enabled attribute 2
[1231/012838:ERROR:vertex_attrib_manager.cc(245)] [.WebGLRenderingContext-000002726EBCA770]GL ERROR :GL_INVALID_OPERATION : glDrawElements: attempt to render with no buffer attached to enabled attribute 2
[1231/012838:ERROR:vertex_attrib_manager.cc(245)] [.WebGLRenderingContext-000002726EBCA770]GL ERROR :GL_INVALID_OPERATION : glDrawElements: attempt to render with no buffer attached to enabled attribute 2
[1231/012838:ERROR:vertex_attrib_manager.cc(245)] [.WebGLRenderingContext-000002726EBCA770]GL ERROR :GL_INVALID_OPERATION : glDrawElements: attempt to render with no buffer attached to enabled attribute 2
[1231/012838:ERROR:vertex_attrib_manager.cc(245)] [.WebGLRenderingContext-000002726EBCA770]GL ERROR :GL_INVALID_OPERATION : glDrawElements: attempt to render with no buffer attached to enabled attribute 2
[1231/012838:ERROR:vertex_attrib_manager.cc(245)] [.WebGLRenderingContext-000002726EBCA770]GL ERROR :GL_INVALID_OPERATION : glDrawElements: attempt to render with no buffer attached to enabled attribute 2
[1231/012838:ERROR:vertex_attrib_manager.cc(245)] [.WebGLRenderingContext-000002726EBCA770]GL ERROR :GL_INVALID_OPERATION : glDrawElements: attempt to render with no buffer attached to enabled attribute 2
[1231/012838:ERROR:vertex_attrib_manager.cc(245)] [.WebGLRenderingContext-000002726EBCA770]GL ERROR :GL_INVALID_OPERATION : glDrawElements: attempt to render with no buffer attached to enabled attribute 2
[1231/012838:ERROR:vertex_attrib_manager.cc(245)] [.WebGLRenderingContext-000002726EBCA770]GL ERROR :GL_INVALID_OPERATION : glDrawElements: attempt to render with no buffer attached to enabled attribute 2
[1231/012838:ERROR:vertex_attrib_manager.cc(245)] [.WebGLRenderingContext-000002726EBCA770]GL ERROR :GL_INVALID_OPERATION : glDrawElements: attempt to render with no buffer attached to enabled attribute 2
[1231/012838:ERROR:vertex_attrib_manager.cc(245)] [.WebGLRenderingContext-000002726EBCA770]GL ERROR :GL_INVALID_OPERATION : glDrawElements: attempt to render with no buffer attached to enabled attribute 2
[1231/012838:ERROR:vertex_attrib_manager.cc(245)] [.WebGLRenderingContext-000002726EBCA770]GL ERROR :GL_INVALID_OPERATION : glDrawElements: attempt to render with no buffer attached to enabled attribute 2
[1231/012838:ERROR:vertex_attrib_manager.cc(245)] [.WebGLRenderingContext-000002726EBCA770]GL ERROR :GL_INVALID_OPERATION : glDrawElements: attempt to render with no buffer attached to enabled attribute 2
[1231/012838:ERROR:vertex_attrib_manager.cc(245)] [.WebGLRenderingContext-000002726EBCA770]GL ERROR :GL_INVALID_OPERATION : glDrawElements: attempt to render with no buffer attached to enabled attribute 2
[1231/012838:ERROR:vertex_attrib_manager.cc(245)] [.WebGLRenderingContext-000002726EBCA770]GL ERROR :GL_INVALID_OPERATION : glDrawElements: attempt to render with no buffer attached to enabled attribute 2
[1231/012838:ERROR:vertex_attrib_manager.cc(245)] [.WebGLRenderingContext-000002726EBCA770]GL ERROR :GL_INVALID_OPERATION : glDrawElements: attempt to render with no buffer attached to enabled attribute 2
[1231/012838:ERROR:vertex_attrib_manager.cc(245)] [.WebGLRenderingContext-000002726EBCA770]GL ERROR :GL_INVALID_OPERATION : glDrawElements: attempt to render with no buffer attached to enabled attribute 2
[1231/012839:ERROR:vertex_attrib_manager.cc(245)] [.WebGLRenderingContext-000002726EBCA770]GL ERROR :GL_INVALID_OPERATION : glDrawElements: attempt to render with no buffer attached to enabled attribute 2
[1231/012839:ERROR:vertex_attrib_manager.cc(245)] [.WebGLRenderingContext-000002726EBCA770]GL ERROR :GL_INVALID_OPERATION : glDrawElements: attempt to render with no buffer attached to enabled attribute 2
[1231/012839:ERROR:vertex_attrib_manager.cc(245)] [.WebGLRenderingContext-000002726EBCA770]GL ERROR :GL_INVALID_OPERATION : glDrawElements: attempt to render with no buffer attached to enabled attribute 2
[1231/012839:ERROR:vertex_attrib_manager.cc(245)] [.WebGLRenderingContext-000002726EBCA770]GL ERROR :GL_INVALID_OPERATION : glDrawElements: attempt to render with no buffer attached to enabled attribute 2
[1231/012839:ERROR:vertex_attrib_manager.cc(245)] [.WebGLRenderingContext-000002726EBCA770]GL ERROR :GL_INVALID_OPERATION : glDrawElements: attempt to render with no buffer attached to enabled attribute 2
[1231/012839:ERROR:vertex_attrib_manager.cc(245)] [.WebGLRenderingContext-000002726EBCA770]GL ERROR :GL_INVALID_OPERATION : glDrawElements: attempt to render with no buffer attached to enabled attribute 2
[1231/012839:ERROR:vertex_attrib_manager.cc(245)] [.WebGLRenderingContext-000002726EBCA770]GL ERROR :GL_INVALID_OPERATION : glDrawElements: attempt to render with no buffer attached to enabled attribute 2
[1231/012839:ERROR:vertex_attrib_manager.cc(245)] [.WebGLRenderingContext-000002726EBCA770]GL ERROR :GL_INVALID_OPERATION : glDrawElements: attempt to render with no buffer attached to enabled attribute 2
[1231/012839:ERROR:vertex_attrib_manager.cc(245)] [.WebGLRenderingContext-000002726EBCA770]GL ERROR :GL_INVALID_OPERATION : glDrawElements: attempt to render with no buffer attached to enabled attribute 2
[1231/012839:ERROR:vertex_attrib_manager.cc(245)] [.WebGLRenderingContext-000002726EBCA770]GL ERROR :GL_INVALID_OPERATION : glDrawElements: attempt to render with no buffer attached to enabled attribute 2
[1231/012839:ERROR:vertex_attrib_manager.cc(245)] [.WebGLRenderingContext-000002726EBCA770]GL ERROR :GL_INVALID_OPERATION : glDrawElements: attempt to render with no buffer attached to enabled attribute 2
[1231/012839:ERROR:vertex_attrib_manager.cc(245)] [.WebGLRenderingContext-000002726EBCA770]GL ERROR :GL_INVALID_OPERATION : glDrawElements: attempt to render with no buffer attached to enabled attribute 2
[1231/012839:ERROR:vertex_attrib_manager.cc(245)] [.WebGLRenderingContext-000002726EBCA770]GL ERROR :GL_INVALID_OPERATION : glDrawElements: attempt to render with no buffer attached to enabled attribute 2
[1231/012839:ERROR:vertex_attrib_manager.cc(245)] [.WebGLRenderingContext-000002726EBCA770]GL ERROR :GL_INVALID_OPERATION : glDrawElements: attempt to render with no buffer attached to enabled attribute 2
[1231/012839:ERROR:vertex_attrib_manager.cc(245)] [.WebGLRenderingContext-000002726EBCA770]GL ERROR :GL_INVALID_OPERATION : glDrawElements: attempt to render with no buffer attached to enabled attribute 2
[1231/012839:ERROR:vertex_attrib_manager.cc(245)] [.WebGLRenderingContext-000002726EBCA770]GL ERROR :GL_INVALID_OPERATION : glDrawElements: attempt to render with no buffer attached to enabled attribute 2
[1231/012839:ERROR:vertex_attrib_manager.cc(245)] [.WebGLRenderingContext-000002726EBCA770]GL ERROR :GL_INVALID_OPERATION : glDrawElements: attempt to render with no buffer attached to enabled attribute 2
[1231/012839:ERROR:vertex_attrib_manager.cc(245)] [.WebGLRenderingContext-000002726EBCA770]GL ERROR :GL_INVALID_OPERATION : glDrawElements: attempt to render with no buffer attached to enabled attribute 2
[1231/012839:ERROR:vertex_attrib_manager.cc(245)] [.WebGLRenderingContext-000002726EBCA770]GL ERROR :GL_INVALID_OPERATION : glDrawElements: attempt to render with no buffer attached to enabled attribute 2
[1231/012839:ERROR:vertex_attrib_manager.cc(245)] [.WebGLRenderingContext-000002726EBCA770]GL ERROR :GL_INVALID_OPERATION : glDrawElements: attempt to render with no buffer attached to enabled attribute 2
[1231/012839:ERROR:vertex_attrib_manager.cc(245)] [.WebGLRenderingContext-000002726EBCA770]GL ERROR :GL_INVALID_OPERATION : glDrawElements: attempt to render with no buffer attached to enabled attribute 2
[1231/012839:ERROR:vertex_attrib_manager.cc(245)] [.WebGLRenderingContext-000002726EBCA770]GL ERROR :GL_INVALID_OPERATION : glDrawElements: attempt to render with no buffer attached to enabled attribute 2
[1231/012839:ERROR:vertex_attrib_manager.cc(245)] [.WebGLRenderingContext-000002726EBCA770]GL ERROR :GL_INVALID_OPERATION : glDrawElements: attempt to render with no buffer attached to enabled attribute 2
[1231/012839:ERROR:vertex_attrib_manager.cc(245)] [.WebGLRenderingContext-000002726EBCA770]GL ERROR :GL_INVALID_OPERATION : glDrawElements: attempt to render with no buffer attached to enabled attribute 2
[1231/012839:ERROR:vertex_attrib_manager.cc(245)] [.WebGLRenderingContext-000002726EBCA770]GL ERROR :GL_INVALID_OPERATION : glDrawElements: attempt to render with no buffer attached to enabled attribute 2
[1231/012839:ERROR:vertex_attrib_manager.cc(245)] [.WebGLRenderingContext-000002726EBCA770]GL ERROR :GL_INVALID_OPERATION : glDrawElements: attempt to render with no buffer attached to enabled attribute 2
[1231/012839:ERROR:vertex_attrib_manager.cc(245)] [.WebGLRenderingContext-000002726EBCA770]GL ERROR :GL_INVALID_OPERATION : glDrawElements: attempt to render with no buffer attached to enabled attribute 2
[1231/012839:ERROR:vertex_attrib_manager.cc(245)] [.WebGLRenderingContext-000002726EBCA770]GL ERROR :GL_INVALID_OPERATION : glDrawElements: attempt to render with no buffer attached to enabled attribute 2
[1231/012839:ERROR:vertex_attrib_manager.cc(245)] [.WebGLRenderingContext-000002726EBCA770]GL ERROR :GL_INVALID_OPERATION : glDrawElements: attempt to render with no buffer attached to enabled attribute 2
[1231/012839:ERROR:vertex_attrib_manager.cc(245)] [.WebGLRenderingContext-000002726EBCA770]GL ERROR :GL_INVALID_OPERATION : glDrawElements: attempt to render with no buffer attached to enabled attribute 2
[1231/012839:ERROR:vertex_attrib_manager.cc(245)] [.WebGLRenderingContext-000002726EBCA770]GL ERROR :GL_INVALID_OPERATION : glDrawElements: attempt to render with no buffer attached to enabled attribute 2
[1231/012839:ERROR:vertex_attrib_manager.cc(245)] [.WebGLRenderingContext-000002726EBCA770]GL ERROR :GL_INVALID_OPERATION : glDrawElements: attempt to render with no buffer attached to enabled attribute 2
[1231/012839:ERROR:vertex_attrib_manager.cc(245)] [.WebGLRenderingContext-000002726EBCA770]GL ERROR :GL_INVALID_OPERATION : glDrawElements: attempt to render with no buffer attached to enabled attribute 2
[1231/012839:ERROR:vertex_attrib_manager.cc(245)] [.WebGLRenderingContext-000002726EBCA770]GL ERROR :GL_INVALID_OPERATION : glDrawElements: attempt to render with no buffer attached to enabled attribute 2
[1231/012839:ERROR:vertex_attrib_manager.cc(245)] [.WebGLRenderingContext-000002726EBCA770]GL ERROR :GL_INVALID_OPERATION : glDrawElements: attempt to render with no buffer attached to enabled attribute 2
[1231/012839:ERROR:vertex_attrib_manager.cc(245)] [.WebGLRenderingContext-000002726EBCA770]GL ERROR :GL_INVALID_OPERATION : glDrawElements: attempt to render with no buffer attached to enabled attribute 2
[1231/012839:ERROR:vertex_attrib_manager.cc(245)] [.WebGLRenderingContext-000002726EBCA770]GL ERROR :GL_INVALID_OPERATION : glDrawElements: attempt to render with no buffer attached to enabled attribute 2
[1231/012839:ERROR:vertex_attrib_manager.cc(245)] [.WebGLRenderingContext-000002726EBCA770]GL ERROR :GL_INVALID_OPERATION : glDrawElements: attempt to render with no buffer attached to enabled attribute 2
[1231/012839:ERROR:vertex_attrib_manager.cc(245)] [.WebGLRenderingContext-000002726EBCA770]GL ERROR :GL_INVALID_OPERATION : glDrawElements: attempt to render with no buffer attached to enabled attribute 2
[1231/012839:ERROR:vertex_attrib_manager.cc(245)] [.WebGLRenderingContext-000002726EBCA770]GL ERROR :GL_INVALID_OPERATION : glDrawElements: attempt to render with no buffer attached to enabled attribute 2
[1231/012839:ERROR:vertex_attrib_manager.cc(245)] [.WebGLRenderingContext-000002726EBCA770]GL ERROR :GL_INVALID_OPERATION : glDrawElements: attempt to render with no buffer attached to enabled attribute 2
[1231/012839:ERROR:vertex_attrib_manager.cc(245)] [.WebGLRenderingContext-000002726EBCA770]GL ERROR :GL_INVALID_OPERATION : glDrawElements: attempt to render with no buffer attached to enabled attribute 2
[1231/012839:ERROR:vertex_attrib_manager.cc(245)] [.WebGLRenderingContext-000002726EBCA770]GL ERROR :GL_INVALID_OPERATION : glDrawElements: attempt to render with no buffer attached to enabled attribute 2
[1231/012839:ERROR:vertex_attrib_manager.cc(245)] [.WebGLRenderingContext-000002726EBCA770]GL ERROR :GL_INVALID_OPERATION : glDrawElements: attempt to render with no buffer attached to enabled attribute 2
[1231/012839:ERROR:vertex_attrib_manager.cc(245)] [.WebGLRenderingContext-000002726EBCA770]GL ERROR :GL_INVALID_OPERATION : glDrawElements: attempt to render with no buffer attached to enabled attribute 2
[1231/012839:ERROR:vertex_attrib_manager.cc(245)] [.WebGLRenderingContext-000002726EBCA770]GL ERROR :GL_INVALID_OPERATION : glDrawElements: attempt to render with no buffer attached to enabled attribute 2
[1231/012839:ERROR:vertex_attrib_manager.cc(245)] [.WebGLRenderingContext-000002726EBCA770]GL ERROR :GL_INVALID_OPERATION : glDrawElements: attempt to render with no buffer attached to enabled attribute 2
[1231/012839:ERROR:vertex_attrib_manager.cc(245)] [.WebGLRenderingContext-000002726EBCA770]GL ERROR :GL_INVALID_OPERATION : glDrawElements: attempt to render with no buffer attached to enabled attribute 2
[1231/012839:ERROR:vertex_attrib_manager.cc(245)] [.WebGLRenderingContext-000002726EBCA770]GL ERROR :GL_INVALID_OPERATION : glDrawElements: attempt to render with no buffer attached to enabled attribute 2
[1231/012839:ERROR:vertex_attrib_manager.cc(245)] [.WebGLRenderingContext-000002726EBCA770]GL ERROR :GL_INVALID_OPERATION : glDrawElements: attempt to render with no buffer attached to enabled attribute 2
[1231/012839:ERROR:vertex_attrib_manager.cc(245)] [.WebGLRenderingContext-000002726EBCA770]GL ERROR :GL_INVALID_OPERATION : glDrawElements: attempt to render with no buffer attached to enabled attribute 2
[1231/012839:ERROR:vertex_attrib_manager.cc(245)] [.WebGLRenderingContext-000002726EBCA770]GL ERROR :GL_INVALID_OPERATION : glDrawElements: attempt to render with no buffer attached to enabled attribute 2
[1231/012839:ERROR:vertex_attrib_manager.cc(245)] [.WebGLRenderingContext-000002726EBCA770]GL ERROR :GL_INVALID_OPERATION : glDrawElements: attempt to render with no buffer attached to enabled attribute 2
[1231/012839:ERROR:vertex_attrib_manager.cc(245)] [.WebGLRenderingContext-000002726EBCA770]GL ERROR :GL_INVALID_OPERATION : glDrawElements: attempt to render with no buffer attached to enabled attribute 2
[1231/012839:ERROR:vertex_attrib_manager.cc(245)] [.WebGLRenderingContext-000002726EBCA770]GL ERROR :GL_INVALID_OPERATION : glDrawElements: attempt to render with no buffer attached to enabled attribute 2
[1231/012839:ERROR:vertex_attrib_manager.cc(245)] [.WebGLRenderingContext-000002726EBCA770]GL ERROR :GL_INVALID_OPERATION : glDrawElements: attempt to render with no buffer attached to enabled attribute 2
[1231/012839:ERROR:vertex_attrib_manager.cc(245)] [.WebGLRenderingContext-000002726EBCA770]GL ERROR :GL_INVALID_OPERATION : glDrawElements: attempt to render with no buffer attached to enabled attribute 2
[1231/012839:ERROR:vertex_attrib_manager.cc(245)] [.WebGLRenderingContext-000002726EBCA770]GL ERROR :GL_INVALID_OPERATION : glDrawElements: attempt to render with no buffer attached to enabled attribute 2
[1231/012839:ERROR:vertex_attrib_manager.cc(245)] [.WebGLRenderingContext-000002726EBCA770]GL ERROR :GL_INVALID_OPERATION : glDrawElements: attempt to render with no buffer attached to enabled attribute 2
[1231/012839:ERROR:vertex_attrib_manager.cc(245)] [.WebGLRenderingContext-000002726EBCA770]GL ERROR :GL_INVALID_OPERATION : glDrawElements: attempt to render with no buffer attached to enabled attribute 2
[1231/012839:ERROR:vertex_attrib_manager.cc(245)] [.WebGLRenderingContext-000002726EBCA770]GL ERROR :GL_INVALID_OPERATION : glDrawElements: attempt to render with no buffer attached to enabled attribute 2
[1231/012839:ERROR:vertex_attrib_manager.cc(245)] [.WebGLRenderingContext-000002726EBCA770]GL ERROR :GL_INVALID_OPERATION : glDrawElements: attempt to render with no buffer attached to enabled attribute 2
[1231/012839:ERROR:vertex_attrib_manager.cc(245)] [.WebGLRenderingContext-000002726EBCA770]GL ERROR :GL_INVALID_OPERATION : glDrawElements: attempt to render with no buffer attached to enabled attribute 2
[1231/012839:ERROR:vertex_attrib_manager.cc(245)] [.WebGLRenderingContext-000002726EBCA770]GL ERROR :GL_INVALID_OPERATION : glDrawElements: attempt to render with no buffer attached to enabled attribute 2
[1231/012839:ERROR:vertex_attrib_manager.cc(245)] [.WebGLRenderingContext-000002726EBCA770]GL ERROR :GL_INVALID_OPERATION : glDrawElements: attempt to render with no buffer attached to enabled attribute 2
[1231/012839:ERROR:vertex_attrib_manager.cc(245)] [.WebGLRenderingContext-000002726EBCA770]GL ERROR :GL_INVALID_OPERATION : glDrawElements: attempt to render with no buffer attached to enabled attribute 2
[1231/012839:ERROR:vertex_attrib_manager.cc(245)] [.WebGLRenderingContext-000002726EBCA770]GL ERROR :GL_INVALID_OPERATION : glDrawElements: attempt to render with no buffer attached to enabled attribute 2
[1231/012839:ERROR:vertex_attrib_manager.cc(245)] [.WebGLRenderingContext-000002726EBCA770]GL ERROR :GL_INVALID_OPERATION : glDrawElements: attempt to render with no buffer attached to enabled attribute 2
[1231/012839:ERROR:vertex_attrib_manager.cc(245)] [.WebGLRenderingContext-000002726EBCA770]GL ERROR :GL_INVALID_OPERATION : glDrawElements: attempt to render with no buffer attached to enabled attribute 2
[1231/012839:ERROR:vertex_attrib_manager.cc(245)] [.WebGLRenderingContext-000002726EBCA770]GL ERROR :GL_INVALID_OPERATION : glDrawElements: attempt to render with no buffer attached to enabled attribute 2
[1231/012839:ERROR:vertex_attrib_manager.cc(245)] [.WebGLRenderingContext-000002726EBCA770]GL ERROR :GL_INVALID_OPERATION : glDrawElements: attempt to render with no buffer attached to enabled attribute 2
[1231/012839:ERROR:vertex_attrib_manager.cc(245)] [.WebGLRenderingContext-000002726EBCA770]GL ERROR :GL_INVALID_OPERATION : glDrawElements: attempt to render with no buffer attached to enabled attribute 2
[1231/012839:ERROR:vertex_attrib_manager.cc(245)] [.WebGLRenderingContext-000002726EBCA770]GL ERROR :GL_INVALID_OPERATION : glDrawElements: attempt to render with no buffer attached to enabled attribute 2
[1231/012839:ERROR:vertex_attrib_manager.cc(245)] [.WebGLRenderingContext-000002726EBCA770]GL ERROR :GL_INVALID_OPERATION : glDrawElements: attempt to render with no buffer attached to enabled attribute 2
[1231/012839:ERROR:vertex_attrib_manager.cc(245)] [.WebGLRenderingContext-000002726EBCA770]GL ERROR :GL_INVALID_OPERATION : glDrawElements: attempt to render with no buffer attached to enabled attribute 2
[1231/012839:ERROR:vertex_attrib_manager.cc(245)] [.WebGLRenderingContext-000002726EBCA770]GL ERROR :GL_INVALID_OPERATION : glDrawElements: attempt to render with no buffer attached to enabled attribute 2
[1231/012839:ERROR:vertex_attrib_manager.cc(245)] [.WebGLRenderingContext-000002726EBCA770]GL ERROR :GL_INVALID_OPERATION : glDrawElements: attempt to render with no buffer attached to enabled attribute 2
[1231/012839:ERROR:vertex_attrib_manager.cc(245)] [.WebGLRenderingContext-000002726EBCA770]GL ERROR :GL_INVALID_OPERATION : glDrawElements: attempt to render with no buffer attached to enabled attribute 2
[1231/012839:ERROR:vertex_attrib_manager.cc(245)] [.WebGLRenderingContext-000002726EBCA770]GL ERROR :GL_INVALID_OPERATION : glDrawElements: attempt to render with no buffer attached to enabled attribute 2
[1231/012839:ERROR:vertex_attrib_manager.cc(245)] [.WebGLRenderingContext-000002726EBCA770]GL ERROR :GL_INVALID_OPERATION : glDrawElements: attempt to render with no buffer attached to enabled attribute 2
[1231/012839:ERROR:vertex_attrib_manager.cc(245)] [.WebGLRenderingContext-000002726EBCA770]GL ERROR :GL_INVALID_OPERATION : glDrawElements: attempt to render with no buffer attached to enabled attribute 2
[1231/012839:ERROR:vertex_attrib_manager.cc(245)] [.WebGLRenderingContext-000002726EBCA770]GL ERROR :GL_INVALID_OPERATION : glDrawElements: attempt to render with no buffer attached to enabled attribute 2
[1231/012839:ERROR:vertex_attrib_manager.cc(245)] [.WebGLRenderingContext-000002726EBCA770]GL ERROR :GL_INVALID_OPERATION : glDrawElements: attempt to render with no buffer attached to enabled attribute 2
[1231/012839:ERROR:vertex_attrib_manager.cc(245)] [.WebGLRenderingContext-000002726EBCA770]GL ERROR :GL_INVALID_OPERATION : glDrawElements: attempt to render with no buffer attached to enabled attribute 2
[1231/012839:ERROR:vertex_attrib_manager.cc(245)] [.WebGLRenderingContext-000002726EBCA770]GL ERROR :GL_INVALID_OPERATION : glDrawElements: attempt to render with no buffer attached to enabled attribute 2
[1231/012839:ERROR:vertex_attrib_manager.cc(245)] [.WebGLRenderingContext-000002726EBCA770]GL ERROR :GL_INVALID_OPERATION : glDrawElements: attempt to render with no buffer attached to enabled attribute 2
[1231/012839:ERROR:vertex_attrib_manager.cc(245)] [.WebGLRenderingContext-000002726EBCA770]GL ERROR :GL_INVALID_OPERATION : glDrawElements: attempt to render with no buffer attached to enabled attribute 2
[1231/012839:ERROR:vertex_attrib_manager.cc(245)] [.WebGLRenderingContext-000002726EBCA770]GL ERROR :GL_INVALID_OPERATION : glDrawElements: attempt to render with no buffer attached to enabled attribute 2
[1231/012839:ERROR:vertex_attrib_manager.cc(245)] [.WebGLRenderingContext-000002726EBCA770]GL ERROR :GL_INVALID_OPERATION : glDrawElements: attempt to render with no buffer attached to enabled attribute 2
[1231/012839:ERROR:vertex_attrib_manager.cc(245)] [.WebGLRenderingContext-000002726EBCA770]GL ERROR :GL_INVALID_OPERATION : glDrawElements: attempt to render with no buffer attached to enabled attribute 2
[1231/012839:ERROR:vertex_attrib_manager.cc(245)] [.WebGLRenderingContext-000002726EBCA770]GL ERROR :GL_INVALID_OPERATION : glDrawElements: attempt to render with no buffer attached to enabled attribute 2
[1231/012839:ERROR:vertex_attrib_manager.cc(245)] [.WebGLRenderingContext-000002726EBCA770]GL ERROR :GL_INVALID_OPERATION : glDrawElements: attempt to render with no buffer attached to enabled attribute 2
[1231/012839:ERROR:vertex_attrib_manager.cc(245)] [.WebGLRenderingContext-000002726EBCA770]GL ERROR :GL_INVALID_OPERATION : glDrawElements: attempt to render with no buffer attached to enabled attribute 2
[1231/012839:ERROR:vertex_attrib_manager.cc(245)] [.WebGLRenderingContext-000002726EBCA770]GL ERROR :GL_INVALID_OPERATION : glDrawElements: attempt to render with no buffer attached to enabled attribute 2
[1231/012839:ERROR:vertex_attrib_manager.cc(245)] [.WebGLRenderingContext-000002726EBCA770]GL ERROR :GL_INVALID_OPERATION : glDrawElements: attempt to render with no buffer attached to enabled attribute 2
[1231/012839:ERROR:vertex_attrib_manager.cc(245)] [.WebGLRenderingContext-000002726EBCA770]GL ERROR :GL_INVALID_OPERATION : glDrawElements: attempt to render with no buffer attached to enabled attribute 2
[1231/012839:ERROR:vertex_attrib_manager.cc(245)] [.WebGLRenderingContext-000002726EBCA770]GL ERROR :GL_INVALID_OPERATION : glDrawElements: attempt to render with no buffer attached to enabled attribute 2
[1231/012839:ERROR:vertex_attrib_manager.cc(245)] [.WebGLRenderingContext-000002726EBCA770]GL ERROR :GL_INVALID_OPERATION : glDrawElements: attempt to render with no buffer attached to enabled attribute 2
[1231/012839:ERROR:vertex_attrib_manager.cc(245)] [.WebGLRenderingContext-000002726EBCA770]GL ERROR :GL_INVALID_OPERATION : glDrawElements: attempt to render with no buffer attached to enabled attribute 2
[1231/012839:ERROR:vertex_attrib_manager.cc(245)] [.WebGLRenderingContext-000002726EBCA770]GL ERROR :GL_INVALID_OPERATION : glDrawElements: attempt to render with no buffer attached to enabled attribute 2
[1231/012839:ERROR:vertex_attrib_manager.cc(245)] [.WebGLRenderingContext-000002726EBCA770]GL ERROR :GL_INVALID_OPERATION : glDrawElements: attempt to render with no buffer attached to enabled attribute 2
[1231/012839:ERROR:vertex_attrib_manager.cc(245)] [.WebGLRenderingContext-000002726EBCA770]GL ERROR :GL_INVALID_OPERATION : glDrawElements: attempt to render with no buffer attached to enabled attribute 2
[1231/012839:ERROR:vertex_attrib_manager.cc(245)] [.WebGLRenderingContext-000002726EBCA770]GL ERROR :GL_INVALID_OPERATION : glDrawElements: attempt to render with no buffer attached to enabled attribute 2
[1231/012839:ERROR:vertex_attrib_manager.cc(245)] [.WebGLRenderingContext-000002726EBCA770]GL ERROR :GL_INVALID_OPERATION : glDrawElements: attempt to render with no buffer attached to enabled attribute 2
[1231/012839:ERROR:vertex_attrib_manager.cc(245)] [.WebGLRenderingContext-000002726EBCA770]GL ERROR :GL_INVALID_OPERATION : glDrawElements: attempt to render with no buffer attached to enabled attribute 2
[1231/012839:ERROR:vertex_attrib_manager.cc(245)] [.WebGLRenderingContext-000002726EBCA770]GL ERROR :GL_INVALID_OPERATION : glDrawElements: attempt to render with no buffer attached to enabled attribute 2
[1231/012839:ERROR:vertex_attrib_manager.cc(245)] [.WebGLRenderingContext-000002726EBCA770]GL ERROR :GL_INVALID_OPERATION : glDrawElements: attempt to render with no buffer attached to enabled attribute 2
[1231/012839:ERROR:vertex_attrib_manager.cc(245)] [.WebGLRenderingContext-000002726EBCA770]GL ERROR :GL_INVALID_OPERATION : glDrawElements: attempt to render with no buffer attached to enabled attribute 2
[1231/012839:ERROR:vertex_attrib_manager.cc(245)] [.WebGLRenderingContext-000002726EBCA770]GL ERROR :GL_INVALID_OPERATION : glDrawElements: attempt to render with no buffer attached to enabled attribute 2
[1231/012839:ERROR:vertex_attrib_manager.cc(245)] [.WebGLRenderingContext-000002726EBCA770]GL ERROR :GL_INVALID_OPERATION : glDrawElements: attempt to render with no buffer attached to enabled attribute 2
[1231/012839:ERROR:vertex_attrib_manager.cc(245)] [.WebGLRenderingContext-000002726EBCA770]GL ERROR :GL_INVALID_OPERATION : glDrawElements: attempt to render with no buffer attached to enabled attribute 2
[1231/012839:ERROR:vertex_attrib_manager.cc(245)] [.WebGLRenderingContext-000002726EBCA770]GL ERROR :GL_INVALID_OPERATION : glDrawElements: attempt to render with no buffer attached to enabled attribute 2
[1231/012839:ERROR:vertex_attrib_manager.cc(245)] [.WebGLRenderingContext-000002726EBCA770]GL ERROR :GL_INVALID_OPERATION : glDrawElements: attempt to render with no buffer attached to enabled attribute 2
[1231/012839:ERROR:vertex_attrib_manager.cc(245)] [.WebGLRenderingContext-000002726EBCA770]GL ERROR :GL_INVALID_OPERATION : glDrawElements: attempt to render with no buffer attached to enabled attribute 2
[1231/012839:ERROR:vertex_attrib_manager.cc(245)] [.WebGLRenderingContext-000002726EBCA770]GL ERROR :GL_INVALID_OPERATION : glDrawElements: attempt to render with no buffer attached to enabled attribute 2
[1231/012839:ERROR:vertex_attrib_manager.cc(245)] [.WebGLRenderingContext-000002726EBCA770]GL ERROR :GL_INVALID_OPERATION : glDrawElements: attempt to render with no buffer attached to enabled attribute 2
[1231/012839:ERROR:vertex_attrib_manager.cc(245)] [.WebGLRenderingContext-000002726EBCA770]GL ERROR :GL_INVALID_OPERATION : glDrawElements: attempt to render with no buffer attached to enabled attribute 2
[1231/012839:ERROR:vertex_attrib_manager.cc(245)] [.WebGLRenderingContext-000002726EBCA770]GL ERROR :GL_INVALID_OPERATION : glDrawElements: attempt to render with no buffer attached to enabled attribute 2
[1231/012839:ERROR:vertex_attrib_manager.cc(245)] [.WebGLRenderingContext-000002726EBCA770]GL ERROR :GL_INVALID_OPERATION : glDrawElements: attempt to render with no buffer attached to enabled attribute 2
[1231/012839:ERROR:vertex_attrib_manager.cc(245)] [.WebGLRenderingContext-000002726EBCA770]GL ERROR :GL_INVALID_OPERATION : glDrawElements: attempt to render with no buffer attached to enabled attribute 2
[1231/012839:ERROR:vertex_attrib_manager.cc(245)] [.WebGLRenderingContext-000002726EBCA770]GL ERROR :GL_INVALID_OPERATION : glDrawElements: attempt to render with no buffer attached to enabled attribute 2
[1231/012839:ERROR:vertex_attrib_manager.cc(245)] [.WebGLRenderingContext-000002726EBCA770]GL ERROR :GL_INVALID_OPERATION : glDrawElements: attempt to render with no buffer attached to enabled attribute 2
[1231/012839:ERROR:vertex_attrib_manager.cc(245)] [.WebGLRenderingContext-000002726EBCA770]GL ERROR :GL_INVALID_OPERATION : glDrawElements: attempt to render with no buffer attached to enabled attribute 2
[1231/012839:ERROR:vertex_attrib_manager.cc(245)] [.WebGLRenderingContext-000002726EBCA770]GL ERROR :GL_INVALID_OPERATION : glDrawElements: attempt to render with no buffer attached to enabled attribute 2
[1231/012839:ERROR:vertex_attrib_manager.cc(245)] [.WebGLRenderingContext-000002726EBCA770]GL ERROR :GL_INVALID_OPERATION : glDrawElements: attempt to render with no buffer attached to enabled attribute 2
[1231/012839:ERROR:vertex_attrib_manager.cc(245)] [.WebGLRenderingContext-000002726EBCA770]GL ERROR :GL_INVALID_OPERATION : glDrawElements: attempt to render with no buffer attached to enabled attribute 2
[1231/012839:ERROR:vertex_attrib_manager.cc(245)] [.WebGLRenderingContext-000002726EBCA770]GL ERROR :GL_INVALID_OPERATION : glDrawElements: attempt to render with no buffer attached to enabled attribute 2
[1231/012839:ERROR:vertex_attrib_manager.cc(245)] [.WebGLRenderingContext-000002726EBCA770]GL ERROR :GL_INVALID_OPERATION : glDrawElements: attempt to render with no buffer attached to enabled attribute 2
[1231/012839:ERROR:vertex_attrib_manager.cc(245)] [.WebGLRenderingContext-000002726EBCA770]GL ERROR :GL_INVALID_OPERATION : glDrawElements: attempt to render with no buffer attached to enabled attribute 2
[1231/012839:ERROR:vertex_attrib_manager.cc(245)] [.WebGLRenderingContext-000002726EBCA770]GL ERROR :GL_INVALID_OPERATION : glDrawElements: attempt to render with no buffer attached to enabled attribute 2
[1231/012839:ERROR:vertex_attrib_manager.cc(245)] [.WebGLRenderingContext-000002726EBCA770]GL ERROR :GL_INVALID_OPERATION : glDrawElements: attempt to render with no buffer attached to enabled attribute 2
[1231/012839:ERROR:vertex_attrib_manager.cc(245)] [.WebGLRenderingContext-000002726EBCA770]GL ERROR :GL_INVALID_OPERATION : glDrawElements: attempt to render with no buffer attached to enabled attribute 2
[1231/012839:ERROR:vertex_attrib_manager.cc(245)] [.WebGLRenderingContext-000002726EBCA770]GL ERROR :GL_INVALID_OPERATION : glDrawElements: attempt to render with no buffer attached to enabled attribute 2
[1231/012839:ERROR:vertex_attrib_manager.cc(245)] [.WebGLRenderingContext-000002726EBCA770]GL ERROR :GL_INVALID_OPERATION : glDrawElements: attempt to render with no buffer attached to enabled attribute 2
[1231/012839:ERROR:vertex_attrib_manager.cc(245)] [.WebGLRenderingContext-000002726EBCA770]GL ERROR :GL_INVALID_OPERATION : glDrawElements: attempt to render with no buffer attached to enabled attribute 2
[1231/012839:ERROR:vertex_attrib_manager.cc(245)] [.WebGLRenderingContext-000002726EBCA770]GL ERROR :GL_INVALID_OPERATION : glDrawElements: attempt to render with no buffer attached to enabled attribute 2
[1231/012839:ERROR:vertex_attrib_manager.cc(245)] [.WebGLRenderingContext-000002726EBCA770]GL ERROR :GL_INVALID_OPERATION : glDrawElements: attempt to render with no buffer attached to enabled attribute 2
[1231/012839:ERROR:vertex_attrib_manager.cc(245)] [.WebGLRenderingContext-000002726EBCA770]GL ERROR :GL_INVALID_OPERATION : glDrawElements: attempt to render with no buffer attached to enabled attribute 2
[1231/012839:ERROR:vertex_attrib_manager.cc(245)] [.WebGLRenderingContext-000002726EBCA770]GL ERROR :GL_INVALID_OPERATION : glDrawElements: attempt to render with no buffer attached to enabled attribute 2
[1231/012839:ERROR:vertex_attrib_manager.cc(245)] [.WebGLRenderingContext-000002726EBCA770]GL ERROR :GL_INVALID_OPERATION : glDrawElements: attempt to render with no buffer attached to enabled attribute 2
[1231/012839:ERROR:vertex_attrib_manager.cc(245)] [.WebGLRenderingContext-000002726EBCA770]GL ERROR :GL_INVALID_OPERATION : glDrawElements: attempt to render with no buffer attached to enabled attribute 2
[1231/012839:ERROR:vertex_attrib_manager.cc(245)] [.WebGLRenderingContext-000002726EBCA770]GL ERROR :GL_INVALID_OPERATION : glDrawElements: attempt to render with no buffer attached to enabled attribute 2
[1231/012839:ERROR:vertex_attrib_manager.cc(245)] [.WebGLRenderingContext-000002726EBCA770]GL ERROR :GL_INVALID_OPERATION : glDrawElements: attempt to render with no buffer attached to enabled attribute 2
[1231/012839:ERROR:vertex_attrib_manager.cc(245)] [.WebGLRenderingContext-000002726EBCA770]GL ERROR :GL_INVALID_OPERATION : glDrawElements: attempt to render with no buffer attached to enabled attribute 2
[1231/012839:ERROR:vertex_attrib_manager.cc(245)] [.WebGLRenderingContext-000002726EBCA770]GL ERROR :GL_INVALID_OPERATION : glDrawElements: attempt to render with no buffer attached to enabled attribute 2
[1231/012839:ERROR:vertex_attrib_manager.cc(245)] [.WebGLRenderingContext-000002726EBCA770]GL ERROR :GL_INVALID_OPERATION : glDrawElements: attempt to render with no buffer attached to enabled attribute 2
[1231/012839:ERROR:vertex_attrib_manager.cc(245)] [.WebGLRenderingContext-000002726EBCA770]GL ERROR :GL_INVALID_OPERATION : glDrawElements: attempt to render with no buffer attached to enabled attribute 2
[1231/012839:ERROR:vertex_attrib_manager.cc(245)] [.WebGLRenderingContext-000002726EBCA770]GL ERROR :GL_INVALID_OPERATION : glDrawElements: attempt to render with no buffer attached to enabled attribute 2
[1231/012839:ERROR:vertex_attrib_manager.cc(245)] [.WebGLRenderingContext-000002726EBCA770]GL ERROR :GL_INVALID_OPERATION : glDrawElements: attempt to render with no buffer attached to enabled attribute 2
[1231/012839:ERROR:vertex_attrib_manager.cc(245)] [.WebGLRenderingContext-000002726EBCA770]GL ERROR :GL_INVALID_OPERATION : glDrawElements: attempt to render with no buffer attached to enabled attribute 2
[1231/012839:ERROR:vertex_attrib_manager.cc(245)] [.WebGLRenderingContext-000002726EBCA770]GL ERROR :GL_INVALID_OPERATION : glDrawElements: attempt to render with no buffer attached to enabled attribute 2
[1231/012839:ERROR:vertex_attrib_manager.cc(245)] [.WebGLRenderingContext-000002726EBCA770]GL ERROR :GL_INVALID_OPERATION : glDrawElements: attempt to render with no buffer attached to enabled attribute 2
[1231/012839:ERROR:vertex_attrib_manager.cc(245)] [.WebGLRenderingContext-000002726EBCA770]GL ERROR :GL_INVALID_OPERATION : glDrawElements: attempt to render with no buffer attached to enabled attribute 2
[1231/012839:ERROR:vertex_attrib_manager.cc(245)] [.WebGLRenderingContext-000002726EBCA770]GL ERROR :GL_INVALID_OPERATION : glDrawElements: attempt to render with no buffer attached to enabled attribute 2
[1231/012839:ERROR:vertex_attrib_manager.cc(245)] [.WebGLRenderingContext-000002726EBCA770]GL ERROR :GL_INVALID_OPERATION : glDrawElements: attempt to render with no buffer attached to enabled attribute 2
[1231/012839:ERROR:vertex_attrib_manager.cc(245)] [.WebGLRenderingContext-000002726EBCA770]GL ERROR :GL_INVALID_OPERATION : glDrawElements: attempt to render with no buffer attached to enabled attribute 2
[1231/012839:ERROR:vertex_attrib_manager.cc(245)] [.WebGLRenderingContext-000002726EBCA770]GL ERROR :GL_INVALID_OPERATION : glDrawElements: attempt to render with no buffer attached to enabled attribute 2
[1231/012839:ERROR:vertex_attrib_manager.cc(245)] [.WebGLRenderingContext-000002726EBCA770]GL ERROR :GL_INVALID_OPERATION : glDrawElements: attempt to render with no buffer attached to enabled attribute 2
[1231/012839:ERROR:vertex_attrib_manager.cc(245)] [.WebGLRenderingContext-000002726EBCA770]GL ERROR :GL_INVALID_OPERATION : glDrawElements: attempt to render with no buffer attached to enabled attribute 2
[1231/012839:ERROR:vertex_attrib_manager.cc(245)] [.WebGLRenderingContext-000002726EBCA770]GL ERROR :GL_INVALID_OPERATION : glDrawElements: attempt to render with no buffer attached to enabled attribute 2
[1231/012839:ERROR:vertex_attrib_manager.cc(245)] [.WebGLRenderingContext-000002726EBCA770]GL ERROR :GL_INVALID_OPERATION : glDrawElements: attempt to render with no buffer attached to enabled attribute 2
[1231/012839:ERROR:vertex_attrib_manager.cc(245)] [.WebGLRenderingContext-000002726EBCA770]GL ERROR :GL_INVALID_OPERATION : glDrawElements: attempt to render with no buffer attached to enabled attribute 2
[1231/012839:ERROR:vertex_attrib_manager.cc(245)] [.WebGLRenderingContext-000002726EBCA770]GL ERROR :GL_INVALID_OPERATION : glDrawElements: attempt to render with no buffer attached to enabled attribute 2
[1231/012839:ERROR:vertex_attrib_manager.cc(245)] [.WebGLRenderingContext-000002726EBCA770]GL ERROR :GL_INVALID_OPERATION : glDrawElements: attempt to render with no buffer attached to enabled attribute 2
[1231/012839:ERROR:vertex_attrib_manager.cc(245)] [.WebGLRenderingContext-000002726EBCA770]GL ERROR :GL_INVALID_OPERATION : glDrawElements: attempt to render with no buffer attached to enabled attribute 2
[1231/012839:ERROR:vertex_attrib_manager.cc(245)] [.WebGLRenderingContext-000002726EBCA770]GL ERROR :GL_INVALID_OPERATION : glDrawElements: attempt to render with no buffer attached to enabled attribute 2
[1231/012839:ERROR:vertex_attrib_manager.cc(245)] [.WebGLRenderingContext-000002726EBCA770]GL ERROR :GL_INVALID_OPERATION : glDrawElements: attempt to render with no buffer attached to enabled attribute 2
[1231/012839:ERROR:vertex_attrib_manager.cc(245)] [.WebGLRenderingContext-000002726EBCA770]GL ERROR :GL_INVALID_OPERATION : glDrawElements: attempt to render with no buffer attached to enabled attribute 2
[1231/012840:ERROR:vertex_attrib_manager.cc(245)] [.WebGLRenderingContext-000002726EBCA770]GL ERROR :GL_INVALID_OPERATION : glDrawElements: attempt to render with no buffer attached to enabled attribute 2
[1231/012840:ERROR:vertex_attrib_manager.cc(245)] [.WebGLRenderingContext-000002726EBCA770]GL ERROR :GL_INVALID_OPERATION : glDrawElements: attempt to render with no buffer attached to enabled attribute 2
[1231/012840:ERROR:vertex_attrib_manager.cc(245)] [.WebGLRenderingContext-000002726EBCA770]GL ERROR :GL_INVALID_OPERATION : glDrawElements: attempt to render with no buffer attached to enabled attribute 2
[1231/012840:ERROR:vertex_attrib_manager.cc(245)] [.WebGLRenderingContext-000002726EBCA770]GL ERROR :GL_INVALID_OPERATION : glDrawElements: attempt to render with no buffer attached to enabled attribute 2
[1231/012840:ERROR:vertex_attrib_manager.cc(245)] [.WebGLRenderingContext-000002726EBCA770]GL ERROR :GL_INVALID_OPERATION : glDrawElements: attempt to render with no buffer attached to enabled attribute 2
[1231/012840:ERROR:vertex_attrib_manager.cc(245)] [.WebGLRenderingContext-000002726EBCA770]GL ERROR :GL_INVALID_OPERATION : glDrawElements: attempt to render with no buffer attached to enabled attribute 2
[1231/012840:ERROR:vertex_attrib_manager.cc(245)] [.WebGLRenderingContext-000002726EBCA770]GL ERROR :GL_INVALID_OPERATION : glDrawElements: attempt to render with no buffer attached to enabled attribute 2
[1231/012840:ERROR:vertex_attrib_manager.cc(245)] [.WebGLRenderingContext-000002726EBCA770]GL ERROR :GL_INVALID_OPERATION : glDrawElements: attempt to render with no buffer attached to enabled attribute 2
[1231/012840:ERROR:vertex_attrib_manager.cc(245)] [.WebGLRenderingContext-000002726EBCA770]GL ERROR :GL_INVALID_OPERATION : glDrawElements: attempt to render with no buffer attached to enabled attribute 2
[1231/012840:ERROR:vertex_attrib_manager.cc(245)] [.WebGLRenderingContext-000002726EBCA770]GL ERROR :GL_INVALID_OPERATION : glDrawElements: attempt to render with no buffer attached to enabled attribute 2
[1231/012840:ERROR:vertex_attrib_manager.cc(245)] [.WebGLRenderingContext-000002726EBCA770]GL ERROR :GL_INVALID_OPERATION : glDrawElements: attempt to render with no buffer attached to enabled attribute 2
[1231/012840:ERROR:vertex_attrib_manager.cc(245)] [.WebGLRenderingContext-000002726EBCA770]GL ERROR :GL_INVALID_OPERATION : glDrawElements: attempt to render with no buffer attached to enabled attribute 2
[1231/012840:ERROR:vertex_attrib_manager.cc(245)] [.WebGLRenderingContext-000002726EBCA770]GL ERROR :GL_INVALID_OPERATION : glDrawElements: attempt to render with no buffer attached to enabled attribute 2
[1231/012840:ERROR:vertex_attrib_manager.cc(245)] [.WebGLRenderingContext-000002726EBCA770]GL ERROR :GL_INVALID_OPERATION : glDrawElements: attempt to render with no buffer attached to enabled attribute 2
[1231/012840:ERROR:vertex_attrib_manager.cc(245)] [.WebGLRenderingContext-000002726EBCA770]GL ERROR :GL_INVALID_OPERATION : glDrawElements: attempt to render with no buffer attached to enabled attribute 2
[1231/012840:ERROR:vertex_attrib_manager.cc(245)] [.WebGLRenderingContext-000002726EBCA770]GL ERROR :GL_INVALID_OPERATION : glDrawElements: attempt to render with no buffer attached to enabled attribute 2
[1231/012840:ERROR:vertex_attrib_manager.cc(245)] [.WebGLRenderingContext-000002726EBCA770]GL ERROR :GL_INVALID_OPERATION : glDrawElements: attempt to render with no buffer attached to enabled attribute 2
[1231/012840:ERROR:vertex_attrib_manager.cc(245)] [.WebGLRenderingContext-000002726EBCA770]GL ERROR :GL_INVALID_OPERATION : glDrawElements: attempt to render with no buffer attached to enabled attribute 2
[1231/012840:ERROR:vertex_attrib_manager.cc(245)] [.WebGLRenderingContext-000002726EBCA770]GL ERROR :GL_INVALID_OPERATION : glDrawElements: attempt to render with no buffer attached to enabled attribute 2
[1231/012840:ERROR:vertex_attrib_manager.cc(245)] [.WebGLRenderingContext-000002726EBCA770]GL ERROR :GL_INVALID_OPERATION : glDrawElements: attempt to render with no buffer attached to enabled attribute 2
[1231/012840:ERROR:vertex_attrib_manager.cc(245)] [.WebGLRenderingContext-000002726EBCA770]GL ERROR :GL_INVALID_OPERATION : glDrawElements: attempt to render with no buffer attached to enabled attribute 2
[1231/012840:ERROR:vertex_attrib_manager.cc(245)] [.WebGLRenderingContext-000002726EBCA770]GL ERROR :GL_INVALID_OPERATION : glDrawElements: attempt to render with no buffer attached to enabled attribute 2
[1231/012840:ERROR:vertex_attrib_manager.cc(245)] [.WebGLRenderingContext-000002726EBCA770]GL ERROR :GL_INVALID_OPERATION : glDrawElements: attempt to render with no buffer attached to enabled attribute 2
[1231/012840:ERROR:vertex_attrib_manager.cc(245)] [.WebGLRenderingContext-000002726EBCA770]GL ERROR :GL_INVALID_OPERATION : glDrawElements: attempt to render with no buffer attached to enabled attribute 2
[1231/012840:ERROR:vertex_attrib_manager.cc(245)] [.WebGLRenderingContext-000002726EBCA770]GL ERROR :GL_INVALID_OPERATION : glDrawElements: attempt to render with no buffer attached to enabled attribute 2
[1231/012840:ERROR:vertex_attrib_manager.cc(245)] [.WebGLRenderingContext-000002726EBCA770]GL ERROR :GL_INVALID_OPERATION : glDrawElements: attempt to render with no buffer attached to enabled attribute 2
[1231/012840:ERROR:vertex_attrib_manager.cc(245)] [.WebGLRenderingContext-000002726EBCA770]GL ERROR :GL_INVALID_OPERATION : glDrawElements: attempt to render with no buffer attached to enabled attribute 2
[1231/012840:ERROR:vertex_attrib_manager.cc(245)] [.WebGLRenderingContext-000002726EBCA770]GL ERROR :GL_INVALID_OPERATION : glDrawElements: attempt to render with no buffer attached to enabled attribute 2
[1231/012840:ERROR:vertex_attrib_manager.cc(245)] [.WebGLRenderingContext-000002726EBCA770]GL ERROR :GL_INVALID_OPERATION : glDrawElements: attempt to render with no buffer attached to enabled attribute 2
[1231/012840:ERROR:vertex_attrib_manager.cc(245)] [.WebGLRenderingContext-000002726EBCA770]GL ERROR :GL_INVALID_OPERATION : glDrawElements: attempt to render with no buffer attached to enabled attribute 2
[1231/012840:ERROR:vertex_attrib_manager.cc(245)] [.WebGLRenderingContext-000002726EBCA770]GL ERROR :GL_INVALID_OPERATION : glDrawElements: attempt to render with no buffer attached to enabled attribute 2
[1231/012840:ERROR:vertex_attrib_manager.cc(245)] [.WebGLRenderingContext-000002726EBCA770]GL ERROR :GL_INVALID_OPERATION : glDrawElements: attempt to render with no buffer attached to enabled attribute 2
[1231/012840:ERROR:vertex_attrib_manager.cc(245)] [.WebGLRenderingContext-000002726EBCA770]GL ERROR :GL_INVALID_OPERATION : glDrawElements: attempt to render with no buffer attached to enabled attribute 2
[1231/012840:ERROR:vertex_attrib_manager.cc(245)] [.WebGLRenderingContext-000002726EBCA770]GL ERROR :GL_INVALID_OPERATION : glDrawElements: attempt to render with no buffer attached to enabled attribute 2
[1231/012840:ERROR:vertex_attrib_manager.cc(245)] [.WebGLRenderingContext-000002726EBCA770]GL ERROR :GL_INVALID_OPERATION : glDrawElements: attempt to render with no buffer attached to enabled attribute 2
[1231/012840:ERROR:vertex_attrib_manager.cc(245)] [.WebGLRenderingContext-000002726EBCA770]GL ERROR :GL_INVALID_OPERATION : glDrawElements: attempt to render with no buffer attached to enabled attribute 2
[1231/012840:ERROR:vertex_attrib_manager.cc(245)] [.WebGLRenderingContext-000002726EBCA770]GL ERROR :GL_INVALID_OPERATION : glDrawElements: attempt to render with no buffer attached to enabled attribute 2
[1231/012840:ERROR:vertex_attrib_manager.cc(245)] [.WebGLRenderingContext-000002726EBCA770]GL ERROR :GL_INVALID_OPERATION : glDrawElements: attempt to render with no buffer attached to enabled attribute 2
[1231/012840:ERROR:vertex_attrib_manager.cc(245)] [.WebGLRenderingContext-000002726EBCA770]GL ERROR :GL_INVALID_OPERATION : glDrawElements: attempt to render with no buffer attached to enabled attribute 2
[1231/012840:ERROR:vertex_attrib_manager.cc(245)] [.WebGLRenderingContext-000002726EBCA770]GL ERROR :GL_INVALID_OPERATION : glDrawElements: attempt to render with no buffer attached to enabled attribute 2
[1231/012840:ERROR:vertex_attrib_manager.cc(245)] [.WebGLRenderingContext-000002726EBCA770]GL ERROR :GL_INVALID_OPERATION : glDrawElements: attempt to render with no buffer attached to enabled attribute 2
[1231/012840:ERROR:vertex_attrib_manager.cc(245)] [.WebGLRenderingContext-000002726EBCA770]GL ERROR :GL_INVALID_OPERATION : glDrawElements: attempt to render with no buffer attached to enabled attribute 2
[1231/012840:ERROR:vertex_attrib_manager.cc(245)] [.WebGLRenderingContext-000002726EBCA770]GL ERROR :GL_INVALID_OPERATION : glDrawElements: attempt to render with no buffer attached to enabled attribute 2
[1231/012840:ERROR:vertex_attrib_manager.cc(245)] [.WebGLRenderingContext-000002726EBCA770]GL ERROR :GL_INVALID_OPERATION : glDrawElements: attempt to render with no buffer attached to enabled attribute 2
[1231/012840:ERROR:vertex_attrib_manager.cc(245)] [.WebGLRenderingContext-000002726EBCA770]GL ERROR :GL_INVALID_OPERATION : glDrawElements: attempt to render with no buffer attached to enabled attribute 2
[1231/012840:ERROR:vertex_attrib_manager.cc(245)] [.WebGLRenderingContext-000002726EBCA770]GL ERROR :GL_INVALID_OPERATION : glDrawElements: attempt to render with no buffer attached to enabled attribute 2
[1231/012840:ERROR:vertex_attrib_manager.cc(245)] [.WebGLRenderingContext-000002726EBCA770]GL ERROR :GL_INVALID_OPERATION : glDrawElements: attempt to render with no buffer attached to enabled attribute 2
[1231/012840:ERROR:vertex_attrib_manager.cc(245)] [.WebGLRenderingContext-000002726EBCA770]GL ERROR :GL_INVALID_OPERATION : glDrawElements: attempt to render with no buffer attached to enabled attribute 2
[1231/012840:ERROR:vertex_attrib_manager.cc(245)] [.WebGLRenderingContext-000002726EBCA770]GL ERROR :GL_INVALID_OPERATION : glDrawElements: attempt to render with no buffer attached to enabled attribute 2
[1231/012840:ERROR:vertex_attrib_manager.cc(245)] [.WebGLRenderingContext-000002726EBCA770]GL ERROR :GL_INVALID_OPERATION : glDrawElements: attempt to render with no buffer attached to enabled attribute 2
[1231/012840:ERROR:vertex_attrib_manager.cc(245)] [.WebGLRenderingContext-000002726EBCA770]GL ERROR :GL_INVALID_OPERATION : glDrawElements: attempt to render with no buffer attached to enabled attribute 2
[1231/012840:ERROR:vertex_attrib_manager.cc(245)] [.WebGLRenderingContext-000002726EBCA770]GL ERROR :GL_INVALID_OPERATION : glDrawElements: attempt to render with no buffer attached to enabled attribute 2
[1231/012840:ERROR:vertex_attrib_manager.cc(245)] [.WebGLRenderingContext-000002726EBCA770]GL ERROR :GL_INVALID_OPERATION : glDrawElements: attempt to render with no buffer attached to enabled attribute 2
[1231/012840:ERROR:vertex_attrib_manager.cc(245)] [.WebGLRenderingContext-000002726EBCA770]GL ERROR :GL_INVALID_OPERATION : glDrawElements: attempt to render with no buffer attached to enabled attribute 2
[1231/012840:ERROR:vertex_attrib_manager.cc(245)] [.WebGLRenderingContext-000002726EBCA770]GL ERROR :GL_INVALID_OPERATION : glDrawElements: attempt to render with no buffer attached to enabled attribute 2
[1231/012840:ERROR:vertex_attrib_manager.cc(245)] [.WebGLRenderingContext-000002726EBCA770]GL ERROR :GL_INVALID_OPERATION : glDrawElements: attempt to render with no buffer attached to enabled attribute 2
[1231/012840:ERROR:vertex_attrib_manager.cc(245)] [.WebGLRenderingContext-000002726EBCA770]GL ERROR :GL_INVALID_OPERATION : glDrawElements: attempt to render with no buffer attached to enabled attribute 2
[1231/012840:ERROR:vertex_attrib_manager.cc(245)] [.WebGLRenderingContext-000002726EBCA770]GL ERROR :GL_INVALID_OPERATION : glDrawElements: attempt to render with no buffer attached to enabled attribute 2
[1231/012840:ERROR:vertex_attrib_manager.cc(245)] [.WebGLRenderingContext-000002726EBCA770]GL ERROR :GL_INVALID_OPERATION : glDrawElements: attempt to render with no buffer attached to enabled attribute 2
[1231/012840:ERROR:vertex_attrib_manager.cc(245)] [.WebGLRenderingContext-000002726EBCA770]GL ERROR :GL_INVALID_OPERATION : glDrawElements: attempt to render with no buffer attached to enabled attribute 2
[1231/012849:FATAL:resource_scheduler.cc(891)] Check failed: client_map_.empty(). 
Backtrace:
	GetHandleVerifier [0x00000001824B2956+389526]
	QtWebEngineCore::FilePickerController::mode [0x00000001823BE1ED+1152653]
	CertificateErrorController::CertificateErrorController [0x0000000180AE6F7E+5226606]
	CertificateErrorController::CertificateErrorController [0x00000001808FB00C+3211516]
	CertificateErrorController::CertificateErrorController [0x00000001808FAA8E+3210110]
	CertificateErrorController::CertificateErrorController [0x000000018091727F+3326831]
	CertificateErrorController::CertificateErrorController [0x00000001809171E5+3326677]
	CertificateErrorController::CertificateErrorController [0x0000000180905EF6+3256294]
	QtWebEngineCore::BrowserContextAdapter::browserContext [0x00000001830A5C01+952785]
	QtWebEngineCore::BrowserContextAdapter::browserContext [0x00000001832F565A+3376170]
	CertificateErrorController::CertificateErrorController [0x00000001809262D7+3388359]
	CertificateErrorController::CertificateErrorController [0x0000000180B1825D+5428045]
	GetHandleVerifier [0x00000001824D8B72+545714]
	QtWebEngineCore::FilePickerController::mode [0x00000001823D2B2E+1236942]
	QtWebEngineCore::FilePickerController::mode [0x00000001823D0BE1+1228929]
	QtWebEngineCore::FilePickerController::mode [0x00000001823D1284+1230628]
	GetHandleVerifier [0x00000001824DC4FC+560444]
	GetHandleVerifier [0x00000001824DE400+568384]
	GetHandleVerifier [0x00000001824DE355+568213]
	QtWebEngineCore::FilePickerController::mode [0x00000001823D28C3+1236323]
	QtWebEngineCore::FilePickerController::mode [0x000000018241536B+1509387]
	QtWebEngineCore::FilePickerController::mode [0x00000001823D2743+1235939]
	QtWebEngineCore::FilePickerController::mode [0x0000000182437EAD+1651533]
	CertificateErrorController::CertificateErrorController [0x0000000180843BE6+2460886]
	CertificateErrorController::CertificateErrorController [0x0000000180844CDC+2465228]
	QtWebEngineCore::FilePickerController::mode [0x0000000182438CF8+1655192]
	QtWebEngineCore::FilePickerController::mode [0x00000001824429E5+1695365]
	BaseThreadInitThunk [0x00007FFD075D3034+20]
	RtlUserThreadStart [0x00007FFD09D43691+33]

[1231/172115:FATAL:resource_scheduler.cc(891)] Check failed: client_map_.empty(). 
Backtrace:
	GetHandleVerifier [0x00000001824B2956+389526]
	QtWebEngineCore::FilePickerController::mode [0x00000001823BE1ED+1152653]
	CertificateErrorController::CertificateErrorController [0x0000000180AE6F7E+5226606]
	CertificateErrorController::CertificateErrorController [0x00000001808FB00C+3211516]
	CertificateErrorController::CertificateErrorController [0x00000001808FAA8E+3210110]
	CertificateErrorController::CertificateErrorController [0x000000018091727F+3326831]
	CertificateErrorController::CertificateErrorController [0x00000001809171E5+3326677]
	CertificateErrorController::CertificateErrorController [0x0000000180905EF6+3256294]
	QtWebEngineCore::BrowserContextAdapter::browserContext [0x00000001830A5C01+952785]
	QtWebEngineCore::BrowserContextAdapter::browserContext [0x00000001832F565A+3376170]
	CertificateErrorController::CertificateErrorController [0x00000001809262D7+3388359]
	CertificateErrorController::CertificateErrorController [0x0000000180B1825D+5428045]
	GetHandleVerifier [0x00000001824D8B72+545714]
	QtWebEngineCore::FilePickerController::mode [0x00000001823D2B2E+1236942]
	QtWebEngineCore::FilePickerController::mode [0x00000001823D0BE1+1228929]
	QtWebEngineCore::FilePickerController::mode [0x00000001823D1284+1230628]
	GetHandleVerifier [0x00000001824DC4FC+560444]
	GetHandleVerifier [0x00000001824DE400+568384]
	GetHandleVerifier [0x00000001824DE355+568213]
	QtWebEngineCore::FilePickerController::mode [0x00000001823D28C3+1236323]
	QtWebEngineCore::FilePickerController::mode [0x000000018241536B+1509387]
	QtWebEngineCore::FilePickerController::mode [0x00000001823D2743+1235939]
	QtWebEngineCore::FilePickerController::mode [0x0000000182437EAD+1651533]
	CertificateErrorController::CertificateErrorController [0x0000000180843BE6+2460886]
	CertificateErrorController::CertificateErrorController [0x0000000180844CDC+2465228]
	QtWebEngineCore::FilePickerController::mode [0x0000000182438CF8+1655192]
	QtWebEngineCore::FilePickerController::mode [0x00000001824429E5+1695365]
	BaseThreadInitThunk [0x00007FFD075D3034+20]
	RtlUserThreadStart [0x00007FFD09D43691+33]

[1231/200507:FATAL:resource_scheduler.cc(891)] Check failed: client_map_.empty(). 
Backtrace:
	GetHandleVerifier [0x00000001824B2956+389526]
	QtWebEngineCore::FilePickerController::mode [0x00000001823BE1ED+1152653]
	CertificateErrorController::CertificateErrorController [0x0000000180AE6F7E+5226606]
	CertificateErrorController::CertificateErrorController [0x00000001808FB00C+3211516]
	CertificateErrorController::CertificateErrorController [0x00000001808FAA8E+3210110]
	CertificateErrorController::CertificateErrorController [0x000000018091727F+3326831]
	CertificateErrorController::CertificateErrorController [0x00000001809171E5+3326677]
	CertificateErrorController::CertificateErrorController [0x0000000180905EF6+3256294]
	QtWebEngineCore::BrowserContextAdapter::browserContext [0x00000001830A5C01+952785]
	QtWebEngineCore::BrowserContextAdapter::browserContext [0x00000001832F565A+3376170]
	CertificateErrorController::CertificateErrorController [0x00000001809262D7+3388359]
	CertificateErrorController::CertificateErrorController [0x0000000180B1825D+5428045]
	GetHandleVerifier [0x00000001824D8B72+545714]
	QtWebEngineCore::FilePickerController::mode [0x00000001823D2B2E+1236942]
	QtWebEngineCore::FilePickerController::mode [0x00000001823D0BE1+1228929]
	QtWebEngineCore::FilePickerController::mode [0x00000001823D1284+1230628]
	GetHandleVerifier [0x00000001824DC4FC+560444]
	GetHandleVerifier [0x00000001824DE400+568384]
	GetHandleVerifier [0x00000001824DE355+568213]
	QtWebEngineCore::FilePickerController::mode [0x00000001823D28C3+1236323]
	QtWebEngineCore::FilePickerController::mode [0x000000018241536B+1509387]
	QtWebEngineCore::FilePickerController::mode [0x00000001823D2743+1235939]
	QtWebEngineCore::FilePickerController::mode [0x0000000182437EAD+1651533]
	CertificateErrorController::CertificateErrorController [0x0000000180843BE6+2460886]
	CertificateErrorController::CertificateErrorController [0x0000000180844CDC+2465228]
	QtWebEngineCore::FilePickerController::mode [0x0000000182438CF8+1655192]
	QtWebEngineCore::FilePickerController::mode [0x00000001824429E5+1695365]
	BaseThreadInitThunk [0x00007FFD075D3034+20]
	RtlUserThreadStart [0x00007FFD09D43691+33]

[1231/214118:FATAL:resource_scheduler.cc(891)] Check failed: client_map_.empty(). 
Backtrace:
	GetHandleVerifier [0x00000001824B2956+389526]
	QtWebEngineCore::FilePickerController::mode [0x00000001823BE1ED+1152653]
	CertificateErrorController::CertificateErrorController [0x0000000180AE6F7E+5226606]
	CertificateErrorController::CertificateErrorController [0x00000001808FB00C+3211516]
	CertificateErrorController::CertificateErrorController [0x00000001808FAA8E+3210110]
	CertificateErrorController::CertificateErrorController [0x000000018091727F+3326831]
	CertificateErrorController::CertificateErrorController [0x00000001809171E5+3326677]
	CertificateErrorController::CertificateErrorController [0x0000000180905EF6+3256294]
	QtWebEngineCore::BrowserContextAdapter::browserContext [0x00000001830A5C01+952785]
	QtWebEngineCore::BrowserContextAdapter::browserContext [0x00000001832F565A+3376170]
	CertificateErrorController::CertificateErrorController [0x00000001809262D7+3388359]
	CertificateErrorController::CertificateErrorController [0x0000000180B1825D+5428045]
	GetHandleVerifier [0x00000001824D8B72+545714]
	QtWebEngineCore::FilePickerController::mode [0x00000001823D2B2E+1236942]
	QtWebEngineCore::FilePickerController::mode [0x00000001823D0BE1+1228929]
	QtWebEngineCore::FilePickerController::mode [0x00000001823D1284+1230628]
	GetHandleVerifier [0x00000001824DC4FC+560444]
	GetHandleVerifier [0x00000001824DE400+568384]
	GetHandleVerifier [0x00000001824DE355+568213]
	QtWebEngineCore::FilePickerController::mode [0x00000001823D28C3+1236323]
	QtWebEngineCore::FilePickerController::mode [0x000000018241536B+1509387]
	QtWebEngineCore::FilePickerController::mode [0x00000001823D2743+1235939]
	QtWebEngineCore::FilePickerController::mode [0x0000000182437EAD+1651533]
	CertificateErrorController::CertificateErrorController [0x0000000180843BE6+2460886]
	CertificateErrorController::CertificateErrorController [0x0000000180844CDC+2465228]
	QtWebEngineCore::FilePickerController::mode [0x0000000182438CF8+1655192]
	QtWebEngineCore::FilePickerController::mode [0x00000001824429E5+1695365]
	BaseThreadInitThunk [0x00007FFD075D3034+20]
	RtlUserThreadStart [0x00007FFD09D43691+33]

[1231/214137:FATAL:resource_scheduler.cc(891)] Check failed: client_map_.empty(). 
Backtrace:
	GetHandleVerifier [0x00000001824B2956+389526]
	QtWebEngineCore::FilePickerController::mode [0x00000001823BE1ED+1152653]
	CertificateErrorController::CertificateErrorController [0x0000000180AE6F7E+5226606]
	CertificateErrorController::CertificateErrorController [0x00000001808FB00C+3211516]
	CertificateErrorController::CertificateErrorController [0x00000001808FAA8E+3210110]
	CertificateErrorController::CertificateErrorController [0x000000018091727F+3326831]
	CertificateErrorController::CertificateErrorController [0x00000001809171E5+3326677]
	CertificateErrorController::CertificateErrorController [0x0000000180905EF6+3256294]
	QtWebEngineCore::BrowserContextAdapter::browserContext [0x00000001830A5C01+952785]
	QtWebEngineCore::BrowserContextAdapter::browserContext [0x00000001832F565A+3376170]
	CertificateErrorController::CertificateErrorController [0x00000001809262D7+3388359]
	CertificateErrorController::CertificateErrorController [0x0000000180B1825D+5428045]
	GetHandleVerifier [0x00000001824D8B72+545714]
	QtWebEngineCore::FilePickerController::mode [0x00000001823D2B2E+1236942]
	QtWebEngineCore::FilePickerController::mode [0x00000001823D0BE1+1228929]
	QtWebEngineCore::FilePickerController::mode [0x00000001823D1284+1230628]
	GetHandleVerifier [0x00000001824DC4FC+560444]
	GetHandleVerifier [0x00000001824DE400+568384]
	GetHandleVerifier [0x00000001824DE355+568213]
	QtWebEngineCore::FilePickerController::mode [0x00000001823D28C3+1236323]
	QtWebEngineCore::FilePickerController::mode [0x000000018241536B+1509387]
	QtWebEngineCore::FilePickerController::mode [0x00000001823D2743+1235939]
	QtWebEngineCore::FilePickerController::mode [0x0000000182437EAD+1651533]
	CertificateErrorController::CertificateErrorController [0x0000000180843BE6+2460886]
	CertificateErrorController::CertificateErrorController [0x0000000180844CDC+2465228]
	QtWebEngineCore::FilePickerController::mode [0x0000000182438CF8+1655192]
	QtWebEngineCore::FilePickerController::mode [0x00000001824429E5+1695365]
	BaseThreadInitThunk [0x00007FFD075D3034+20]
	RtlUserThreadStart [0x00007FFD09D43691+33]

[1231/215000:FATAL:resource_scheduler.cc(891)] Check failed: client_map_.empty(). 
Backtrace:
	GetHandleVerifier [0x00000001824B2956+389526]
	QtWebEngineCore::FilePickerController::mode [0x00000001823BE1ED+1152653]
	CertificateErrorController::CertificateErrorController [0x0000000180AE6F7E+5226606]
	CertificateErrorController::CertificateErrorController [0x00000001808FB00C+3211516]
	CertificateErrorController::CertificateErrorController [0x00000001808FAA8E+3210110]
	CertificateErrorController::CertificateErrorController [0x000000018091727F+3326831]
	CertificateErrorController::CertificateErrorController [0x00000001809171E5+3326677]
	CertificateErrorController::CertificateErrorController [0x0000000180905EF6+3256294]
	QtWebEngineCore::BrowserContextAdapter::browserContext [0x00000001830A5C01+952785]
	QtWebEngineCore::BrowserContextAdapter::browserContext [0x00000001832F565A+3376170]
	CertificateErrorController::CertificateErrorController [0x00000001809262D7+3388359]
	CertificateErrorController::CertificateErrorController [0x0000000180B1825D+5428045]
	GetHandleVerifier [0x00000001824D8B72+545714]
	QtWebEngineCore::FilePickerController::mode [0x00000001823D2B2E+1236942]
	QtWebEngineCore::FilePickerController::mode [0x00000001823D0BE1+1228929]
	QtWebEngineCore::FilePickerController::mode [0x00000001823D1284+1230628]
	GetHandleVerifier [0x00000001824DC4FC+560444]
	GetHandleVerifier [0x00000001824DE400+568384]
	GetHandleVerifier [0x00000001824DE355+568213]
	QtWebEngineCore::FilePickerController::mode [0x00000001823D28C3+1236323]
	QtWebEngineCore::FilePickerController::mode [0x000000018241536B+1509387]
	QtWebEngineCore::FilePickerController::mode [0x00000001823D2743+1235939]
	QtWebEngineCore::FilePickerController::mode [0x0000000182437EAD+1651533]
	CertificateErrorController::CertificateErrorController [0x0000000180843BE6+2460886]
	CertificateErrorController::CertificateErrorController [0x0000000180844CDC+2465228]
	QtWebEngineCore::FilePickerController::mode [0x0000000182438CF8+1655192]
	QtWebEngineCore::FilePickerController::mode [0x00000001824429E5+1695365]
	BaseThreadInitThunk [0x00007FFD075D3034+20]
	RtlUserThreadStart [0x00007FFD09D43691+33]

[0101/123629:FATAL:resource_scheduler.cc(891)] Check failed: client_map_.empty(). 
Backtrace:
	GetHandleVerifier [0x00000001824B2956+389526]
	QtWebEngineCore::FilePickerController::mode [0x00000001823BE1ED+1152653]
	CertificateErrorController::CertificateErrorController [0x0000000180AE6F7E+5226606]
	CertificateErrorController::CertificateErrorController [0x00000001808FB00C+3211516]
	CertificateErrorController::CertificateErrorController [0x00000001808FAA8E+3210110]
	CertificateErrorController::CertificateErrorController [0x000000018091727F+3326831]
	CertificateErrorController::CertificateErrorController [0x00000001809171E5+3326677]
	CertificateErrorController::CertificateErrorController [0x0000000180905EF6+3256294]
	QtWebEngineCore::BrowserContextAdapter::browserContext [0x00000001830A5C01+952785]
	QtWebEngineCore::BrowserContextAdapter::browserContext [0x00000001832F565A+3376170]
	CertificateErrorController::CertificateErrorController [0x00000001809262D7+3388359]
	CertificateErrorController::CertificateErrorController [0x0000000180B1825D+5428045]
	GetHandleVerifier [0x00000001824D8B72+545714]
	QtWebEngineCore::FilePickerController::mode [0x00000001823D2B2E+1236942]
	QtWebEngineCore::FilePickerController::mode [0x00000001823D0BE1+1228929]
	QtWebEngineCore::FilePickerController::mode [0x00000001823D1284+1230628]
	GetHandleVerifier [0x00000001824DC4FC+560444]
	GetHandleVerifier [0x00000001824DE400+568384]
	GetHandleVerifier [0x00000001824DE355+568213]
	QtWebEngineCore::FilePickerController::mode [0x00000001823D28C3+1236323]
	QtWebEngineCore::FilePickerController::mode [0x000000018241536B+1509387]
	QtWebEngineCore::FilePickerController::mode [0x00000001823D2743+1235939]
	QtWebEngineCore::FilePickerController::mode [0x0000000182437EAD+1651533]
	CertificateErrorController::CertificateErrorController [0x0000000180843BE6+2460886]
	CertificateErrorController::CertificateErrorController [0x0000000180844CDC+2465228]
	QtWebEngineCore::FilePickerController::mode [0x0000000182438CF8+1655192]
	QtWebEngineCore::FilePickerController::mode [0x00000001824429E5+1695365]
	BaseThreadInitThunk [0x00007FFD075D3034+20]
	RtlUserThreadStart [0x00007FFD09D43691+33]

[0101/154857:FATAL:resource_scheduler.cc(891)] Check failed: client_map_.empty(). 
Backtrace:
	GetHandleVerifier [0x00000001824B2956+389526]
	QtWebEngineCore::FilePickerController::mode [0x00000001823BE1ED+1152653]
	CertificateErrorController::CertificateErrorController [0x0000000180AE6F7E+5226606]
	CertificateErrorController::CertificateErrorController [0x00000001808FB00C+3211516]
	CertificateErrorController::CertificateErrorController [0x00000001808FAA8E+3210110]
	CertificateErrorController::CertificateErrorController [0x000000018091727F+3326831]
	CertificateErrorController::CertificateErrorController [0x00000001809171E5+3326677]
	CertificateErrorController::CertificateErrorController [0x0000000180905EF6+3256294]
	QtWebEngineCore::BrowserContextAdapter::browserContext [0x00000001830A5C01+952785]
	QtWebEngineCore::BrowserContextAdapter::browserContext [0x00000001832F565A+3376170]
	CertificateErrorController::CertificateErrorController [0x00000001809262D7+3388359]
	CertificateErrorController::CertificateErrorController [0x0000000180B1825D+5428045]
	GetHandleVerifier [0x00000001824D8B72+545714]
	QtWebEngineCore::FilePickerController::mode [0x00000001823D2B2E+1236942]
	QtWebEngineCore::FilePickerController::mode [0x00000001823D0BE1+1228929]
	QtWebEngineCore::FilePickerController::mode [0x00000001823D1284+1230628]
	GetHandleVerifier [0x00000001824DC4FC+560444]
	GetHandleVerifier [0x00000001824DE400+568384]
	GetHandleVerifier [0x00000001824DE355+568213]
	QtWebEngineCore::FilePickerController::mode [0x00000001823D28C3+1236323]
	QtWebEngineCore::FilePickerController::mode [0x000000018241536B+1509387]
	QtWebEngineCore::FilePickerController::mode [0x00000001823D2743+1235939]
	QtWebEngineCore::FilePickerController::mode [0x0000000182437EAD+1651533]
	CertificateErrorController::CertificateErrorController [0x0000000180843BE6+2460886]
	CertificateErrorController::CertificateErrorController [0x0000000180844CDC+2465228]
	QtWebEngineCore::FilePickerController::mode [0x0000000182438CF8+1655192]
	QtWebEngineCore::FilePickerController::mode [0x00000001824429E5+1695365]
	BaseThreadInitThunk [0x00007FFD075D3034+20]
	RtlUserThreadStart [0x00007FFD09D43691+33]

[0102/115943:FATAL:resource_scheduler.cc(891)] Check failed: client_map_.empty(). 
Backtrace:
	GetHandleVerifier [0x00000001824B2956+389526]
	QtWebEngineCore::FilePickerController::mode [0x00000001823BE1ED+1152653]
	CertificateErrorController::CertificateErrorController [0x0000000180AE6F7E+5226606]
	CertificateErrorController::CertificateErrorController [0x00000001808FB00C+3211516]
	CertificateErrorController::CertificateErrorController [0x00000001808FAA8E+3210110]
	CertificateErrorController::CertificateErrorController [0x000000018091727F+3326831]
	CertificateErrorController::CertificateErrorController [0x00000001809171E5+3326677]
	CertificateErrorController::CertificateErrorController [0x0000000180905EF6+3256294]
	QtWebEngineCore::BrowserContextAdapter::browserContext [0x00000001830A5C01+952785]
	QtWebEngineCore::BrowserContextAdapter::browserContext [0x00000001832F565A+3376170]
	CertificateErrorController::CertificateErrorController [0x00000001809262D7+3388359]
	CertificateErrorController::CertificateErrorController [0x0000000180B1825D+5428045]
	GetHandleVerifier [0x00000001824D8B72+545714]
	QtWebEngineCore::FilePickerController::mode [0x00000001823D2B2E+1236942]
	QtWebEngineCore::FilePickerController::mode [0x00000001823D0BE1+1228929]
	QtWebEngineCore::FilePickerController::mode [0x00000001823D1284+1230628]
	GetHandleVerifier [0x00000001824DC4FC+560444]
	GetHandleVerifier [0x00000001824DE400+568384]
	GetHandleVerifier [0x00000001824DE355+568213]
	QtWebEngineCore::FilePickerController::mode [0x00000001823D28C3+1236323]
	QtWebEngineCore::FilePickerController::mode [0x000000018241536B+1509387]
	QtWebEngineCore::FilePickerController::mode [0x00000001823D2743+1235939]
	QtWebEngineCore::FilePickerController::mode [0x0000000182437EAD+1651533]
	CertificateErrorController::CertificateErrorController [0x0000000180843BE6+2460886]
	CertificateErrorController::CertificateErrorController [0x0000000180844CDC+2465228]
	QtWebEngineCore::FilePickerController::mode [0x0000000182438CF8+1655192]
	QtWebEngineCore::FilePickerController::mode [0x00000001824429E5+1695365]
	BaseThreadInitThunk [0x00007FFD075D3034+20]
	RtlUserThreadStart [0x00007FFD09D43691+33]

[0102/183147:FATAL:resource_scheduler.cc(891)] Check failed: client_map_.empty(). 
Backtrace:
	GetHandleVerifier [0x00000001824B2956+389526]
	QtWebEngineCore::FilePickerController::mode [0x00000001823BE1ED+1152653]
	CertificateErrorController::CertificateErrorController [0x0000000180AE6F7E+5226606]
	CertificateErrorController::CertificateErrorController [0x00000001808FB00C+3211516]
	CertificateErrorController::CertificateErrorController [0x00000001808FAA8E+3210110]
	CertificateErrorController::CertificateErrorController [0x000000018091727F+3326831]
	CertificateErrorController::CertificateErrorController [0x00000001809171E5+3326677]
	CertificateErrorController::CertificateErrorController [0x0000000180905EF6+3256294]
	QtWebEngineCore::BrowserContextAdapter::browserContext [0x00000001830A5C01+952785]
	QtWebEngineCore::BrowserContextAdapter::browserContext [0x00000001832F565A+3376170]
	CertificateErrorController::CertificateErrorController [0x00000001809262D7+3388359]
	CertificateErrorController::CertificateErrorController [0x0000000180B1825D+5428045]
	GetHandleVerifier [0x00000001824D8B72+545714]
	QtWebEngineCore::FilePickerController::mode [0x00000001823D2B2E+1236942]
	QtWebEngineCore::FilePickerController::mode [0x00000001823D0BE1+1228929]
	QtWebEngineCore::FilePickerController::mode [0x00000001823D1284+1230628]
	GetHandleVerifier [0x00000001824DC4FC+560444]
	GetHandleVerifier [0x00000001824DE400+568384]
	GetHandleVerifier [0x00000001824DE355+568213]
	QtWebEngineCore::FilePickerController::mode [0x00000001823D28C3+1236323]
	QtWebEngineCore::FilePickerController::mode [0x000000018241536B+1509387]
	QtWebEngineCore::FilePickerController::mode [0x00000001823D2743+1235939]
	QtWebEngineCore::FilePickerController::mode [0x0000000182437EAD+1651533]
	CertificateErrorController::CertificateErrorController [0x0000000180843BE6+2460886]
	CertificateErrorController::CertificateErrorController [0x0000000180844CDC+2465228]
	QtWebEngineCore::FilePickerController::mode [0x0000000182438CF8+1655192]
	QtWebEngineCore::FilePickerController::mode [0x00000001824429E5+1695365]
	BaseThreadInitThunk [0x00007FFD075D3034+20]
	RtlUserThreadStart [0x00007FFD09D43691+33]

[0102/200918:FATAL:resource_scheduler.cc(891)] Check failed: client_map_.empty(). 
Backtrace:
	GetHandleVerifier [0x00000001824B2956+389526]
	QtWebEngineCore::FilePickerController::mode [0x00000001823BE1ED+1152653]
	CertificateErrorController::CertificateErrorController [0x0000000180AE6F7E+5226606]
	CertificateErrorController::CertificateErrorController [0x00000001808FB00C+3211516]
	CertificateErrorController::CertificateErrorController [0x00000001808FAA8E+3210110]
	CertificateErrorController::CertificateErrorController [0x000000018091727F+3326831]
	CertificateErrorController::CertificateErrorController [0x00000001809171E5+3326677]
	CertificateErrorController::CertificateErrorController [0x0000000180905EF6+3256294]
	QtWebEngineCore::BrowserContextAdapter::browserContext [0x00000001830A5C01+952785]
	QtWebEngineCore::BrowserContextAdapter::browserContext [0x00000001832F565A+3376170]
	CertificateErrorController::CertificateErrorController [0x00000001809262D7+3388359]
	CertificateErrorController::CertificateErrorController [0x0000000180B1825D+5428045]
	GetHandleVerifier [0x00000001824D8B72+545714]
	QtWebEngineCore::FilePickerController::mode [0x00000001823D2B2E+1236942]
	QtWebEngineCore::FilePickerController::mode [0x00000001823D0BE1+1228929]
	QtWebEngineCore::FilePickerController::mode [0x00000001823D1284+1230628]
	GetHandleVerifier [0x00000001824DC4FC+560444]
	GetHandleVerifier [0x00000001824DE400+568384]
	GetHandleVerifier [0x00000001824DE355+568213]
	QtWebEngineCore::FilePickerController::mode [0x00000001823D28C3+1236323]
	QtWebEngineCore::FilePickerController::mode [0x000000018241536B+1509387]
	QtWebEngineCore::FilePickerController::mode [0x00000001823D2743+1235939]
	QtWebEngineCore::FilePickerController::mode [0x0000000182437EAD+1651533]
	CertificateErrorController::CertificateErrorController [0x0000000180843BE6+2460886]
	CertificateErrorController::CertificateErrorController [0x0000000180844CDC+2465228]
	QtWebEngineCore::FilePickerController::mode [0x0000000182438CF8+1655192]
	QtWebEngineCore::FilePickerController::mode [0x00000001824429E5+1695365]
	BaseThreadInitThunk [0x00007FFD075D3034+20]
	RtlUserThreadStart [0x00007FFD09D43691+33]

